Using pre-set license
Built from '2020.3/staging' branch; Version is '2020.3.14f1 (d0d1bb862f9d) revision 13685179'; Using compiler version '192528614'; Build Type 'Release'
OS: 'Windows 10 Home; OS build 19042.1165; Version 2009; 64bit' Language: 'en' Physical Memory: 16244 MB
BatchMode: 1, IsHumanControllingUs: 0, StartBugReporterOnCrash: 0, Is64bit: 1, IsPro: 0

 COMMAND LINE ARGUMENTS:
E:\Programs\2020.3.14f1\Editor\Unity.exe
-adb2
-batchMode
-noUpm
-name
AssetImportWorker0
-projectPath
F:/Users/WolfsMind/Desktop/Masters/T1/SIT756 - DevChallenge
-logFile
Logs/AssetImportWorker0.log
-srvPort
61480
Successfully changed project path to: F:/Users/WolfsMind/Desktop/Masters/T1/SIT756 - DevChallenge
F:/Users/WolfsMind/Desktop/Masters/T1/SIT756 - DevChallenge
Using Asset Import Pipeline V2.
Refreshing native plugins compatible for Editor in 84.69 ms, found 2 plugins.
Preloading 0 native plugins for Editor in 0.00 ms.
Initialize engine version: 2020.3.14f1 (d0d1bb862f9d)
[Subsystems] Discovering subsystems at path E:/Programs/2020.3.14f1/Editor/Data/Resources/UnitySubsystems
[Subsystems] Discovering subsystems at path F:/Users/WolfsMind/Desktop/Masters/T1/SIT756 - DevChallenge/Assets
GfxDevice: creating device client; threaded=0
Direct3D:
    Version:  Direct3D 11.0 [level 11.1]
    Renderer: NVIDIA GeForce RTX 2080 (ID=0x1e87)
    Vendor:   
    VRAM:     8010 MB
    Driver:   30.0.14.7168
Initialize mono
Mono path[0] = 'E:/Programs/2020.3.14f1/Editor/Data/Managed'
Mono path[1] = 'E:/Programs/2020.3.14f1/Editor/Data/MonoBleedingEdge/lib/mono/unityjit'
Mono config path = 'E:/Programs/2020.3.14f1/Editor/Data/MonoBleedingEdge/etc'
Using monoOptions --debugger-agent=transport=dt_socket,embedding=1,server=y,suspend=n,address=127.0.0.1:56100
Begin MonoManager ReloadAssembly
Registering precompiled unity dll's ...
Register platform support module: E:/Programs/2020.3.14f1/Editor/Data/PlaybackEngines/WindowsStandaloneSupport/UnityEditor.WindowsStandalone.Extensions.dll
Registered in 0.004339 seconds.
Native extension for WindowsStandalone target not found
Refreshing native plugins compatible for Editor in 58.16 ms, found 2 plugins.
Preloading 0 native plugins for Editor in 0.00 ms.
Mono: successfully reloaded assembly
- Completed reload, in  2.271 seconds
Domain Reload Profiling:
	ReloadAssembly (2272ms)
		BeginReloadAssembly (67ms)
			ExecutionOrderSort (0ms)
			DisableScriptedObjects (0ms)
			BackupInstance (0ms)
			ReleaseScriptingObjects (0ms)
			CreateAndSetChildDomain (1ms)
		EndReloadAssembly (725ms)
			LoadAssemblies (66ms)
			RebuildTransferFunctionScriptingTraits (0ms)
			SetupTypeCache (351ms)
			ReleaseScriptCaches (0ms)
			RebuildScriptCaches (39ms)
			SetupLoadedEditorAssemblies (238ms)
				LogAssemblyErrors (0ms)
				InitializePlatformSupportModulesInManaged (7ms)
				SetLoadedEditorAssemblies (0ms)
				RefreshPlugins (58ms)
				BeforeProcessingInitializeOnLoad (9ms)
				ProcessInitializeOnLoadAttributes (119ms)
				ProcessInitializeOnLoadMethodAttributes (45ms)
				AfterProcessingInitializeOnLoad (0ms)
				EditorAssembliesLoaded (0ms)
			ExecutionOrderSort2 (0ms)
			AwakeInstancesAfterBackupRestoration (0ms)
Platform modules already initialized, skipping
Registering precompiled user dll's ...
Registered in 0.008947 seconds.
Begin MonoManager ReloadAssembly
Native extension for WindowsStandalone target not found
Refreshing native plugins compatible for Editor in 0.86 ms, found 2 plugins.
Preloading 0 native plugins for Editor in 0.00 ms.
Mono: successfully reloaded assembly
- Completed reload, in  1.277 seconds
Domain Reload Profiling:
	ReloadAssembly (1278ms)
		BeginReloadAssembly (208ms)
			ExecutionOrderSort (0ms)
			DisableScriptedObjects (7ms)
			BackupInstance (0ms)
			ReleaseScriptingObjects (0ms)
			CreateAndSetChildDomain (36ms)
		EndReloadAssembly (976ms)
			LoadAssemblies (123ms)
			RebuildTransferFunctionScriptingTraits (0ms)
			SetupTypeCache (361ms)
			ReleaseScriptCaches (0ms)
			RebuildScriptCaches (47ms)
			SetupLoadedEditorAssemblies (361ms)
				LogAssemblyErrors (0ms)
				InitializePlatformSupportModulesInManaged (5ms)
				SetLoadedEditorAssemblies (0ms)
				RefreshPlugins (1ms)
				BeforeProcessingInitializeOnLoad (60ms)
				ProcessInitializeOnLoadAttributes (255ms)
				ProcessInitializeOnLoadMethodAttributes (38ms)
				AfterProcessingInitializeOnLoad (2ms)
				EditorAssembliesLoaded (0ms)
			ExecutionOrderSort2 (0ms)
			AwakeInstancesAfterBackupRestoration (7ms)
Platform modules already initialized, skipping
========================================================================
Worker process is ready to serve import requests
Launched and connected shader compiler UnityShaderCompiler.exe after 0.05 seconds
Refreshing native plugins compatible for Editor in 1.07 ms, found 2 plugins.
Preloading 0 native plugins for Editor in 0.00 ms.
Unloading 1948 Unused Serialized files (Serialized files now loaded: 0)
System memory in use before: 82.3 MB.
System memory in use after: 82.4 MB.

Unloading 58 unused Assets to reduce memory usage. Loaded Objects now: 2359.
Total: 6.137800 ms (FindLiveObjects: 0.315800 ms CreateObjectMapping: 0.239700 ms MarkObjects: 5.471700 ms  DeleteObjects: 0.109100 ms)

AssetImportParameters requested are different than current active one (requested -> active):
  custom:framework-win-MediaFoundation: 216162199b28c13a410421893ffa2e32 -> 
  custom:video-decoder-ogg-theora: a1e56fd34408186e4bbccfd4996cb3dc -> 
  custom:container-muxer-webm: aa71ff27fc2769a1b78a27578f13a17b -> 
  custom:container-demuxer-webm: 4f35f7cbe854078d1ac9338744f61a02 -> 
  custom:container-demuxer-ogg: 62fdf1f143b41e24485cea50d1cbac27 -> 
  custom:video-encoder-webm-vp8: eb34c28f22e8b96e1ab97ce403110664 -> 
  custom:video-decoder-webm-vp8: 9c59270c3fd7afecdb556c50c9e8de78 -> 
  custom:audio-decoder-ogg-vorbis: bf7c407c2cedff20999df2af8eb42d56 -> 
  custom:audio-encoder-webm-vorbis: bf7c407c2cedff20999df2af8eb42d56 -> 
========================================================================
Received Import Request.
  path: Assets/Scenes
  artifactKey: Guid(edbfa2b4bcabeb24b88f427e269993c3) Importer(815301076,1909f56bfc062723c751e8b465ee728b)
Start importing Assets/Scenes using Guid(edbfa2b4bcabeb24b88f427e269993c3) Importer(815301076,1909f56bfc062723c751e8b465ee728b)  -> (artifact id: '8aae12e8b36568e583bab68c676f7df6') in 0.011791 seconds 
  Import took 0.015627 seconds .

========================================================================
Received Import Request.
  Time since last request: 0.000223 seconds.
  path: Assets/Scenes/MainMenu.unity
  artifactKey: Guid(59af5295f9a2b8048af00940c72d38cb) Importer(815301076,1909f56bfc062723c751e8b465ee728b)
Start importing Assets/Scenes/MainMenu.unity using Guid(59af5295f9a2b8048af00940c72d38cb) Importer(815301076,1909f56bfc062723c751e8b465ee728b)  -> (artifact id: '98d10164364640ea18f387711d849230') in 0.014793 seconds 
  Import took 0.018262 seconds .

========================================================================
Received Prepare
Refreshing native plugins compatible for Editor in 16.39 ms, found 2 plugins.
Preloading 0 native plugins for Editor in 0.00 ms.
Unloading 48 Unused Serialized files (Serialized files now loaded: 0)
System memory in use before: 43.7 MB.
System memory in use after: 43.8 MB.

Unloading 47 unused Assets to reduce memory usage. Loaded Objects now: 2359.
Total: 6.327200 ms (FindLiveObjects: 0.196200 ms CreateObjectMapping: 0.084500 ms MarkObjects: 5.994900 ms  DeleteObjects: 0.050200 ms)

AssetImportParameters requested are different than current active one (requested -> active):
  custom:framework-win-MediaFoundation: 216162199b28c13a410421893ffa2e32 -> 
  custom:video-decoder-ogg-theora: a1e56fd34408186e4bbccfd4996cb3dc -> 
  custom:container-muxer-webm: aa71ff27fc2769a1b78a27578f13a17b -> 
  custom:container-demuxer-webm: 4f35f7cbe854078d1ac9338744f61a02 -> 
  custom:container-demuxer-ogg: 62fdf1f143b41e24485cea50d1cbac27 -> 
  custom:video-encoder-webm-vp8: eb34c28f22e8b96e1ab97ce403110664 -> 
  custom:video-decoder-webm-vp8: 9c59270c3fd7afecdb556c50c9e8de78 -> 
  custom:audio-decoder-ogg-vorbis: bf7c407c2cedff20999df2af8eb42d56 -> 
  custom:audio-encoder-webm-vorbis: bf7c407c2cedff20999df2af8eb42d56 -> 
========================================================================
Received Import Request.
  Time since last request: 57.216829 seconds.
  path: Assets/TextMesh Pro/Fonts/LiberationSans.ttf
  artifactKey: Guid(e3265ab4bf004d28a9537516768c1c75) Importer(815301076,1909f56bfc062723c751e8b465ee728b)
Start importing Assets/TextMesh Pro/Fonts/LiberationSans.ttf using Guid(e3265ab4bf004d28a9537516768c1c75) Importer(815301076,1909f56bfc062723c751e8b465ee728b)  -> (artifact id: 'bdddd331c3f1b7826858a8d92db67e39') in 0.228123 seconds 
  Import took 0.232427 seconds .

========================================================================
Received Import Request.
  Time since last request: 0.010402 seconds.
  path: Assets/UI/MainMenu.cs
  artifactKey: Guid(7e526962058c4a24c8fa0c921f6c2554) Importer(815301076,1909f56bfc062723c751e8b465ee728b)
Start importing Assets/UI/MainMenu.cs using Guid(7e526962058c4a24c8fa0c921f6c2554) Importer(815301076,1909f56bfc062723c751e8b465ee728b)  -> (artifact id: '04e83b4559b8d7ad595856b8cdbd5232') in 0.010465 seconds 
  Import took 0.013892 seconds .

========================================================================
Received Import Request.
  Time since last request: 0.022956 seconds.
  path: Assets/TextMesh Pro/Resources/Fonts & Materials/LiberationSans SDF - Fallback.asset
  artifactKey: Guid(2e498d1c8094910479dc3e1b768306a4) Importer(815301076,1909f56bfc062723c751e8b465ee728b)
Start importing Assets/TextMesh Pro/Resources/Fonts & Materials/LiberationSans SDF - Fallback.asset using Guid(2e498d1c8094910479dc3e1b768306a4) Importer(815301076,1909f56bfc062723c751e8b465ee728b)  -> (artifact id: 'a0903e9a93c40cc18adaa15b65c0df5a') in 0.083757 seconds 
  Import took 0.089412 seconds .

========================================================================
Received Import Request.
  Time since last request: 0.009849 seconds.
  path: Assets/TextMesh Pro/Resources/Shaders/TMPro.cginc
  artifactKey: Guid(407bc68d299748449bbf7f48ee690f8d) Importer(815301076,1909f56bfc062723c751e8b465ee728b)
Start importing Assets/TextMesh Pro/Resources/Shaders/TMPro.cginc using Guid(407bc68d299748449bbf7f48ee690f8d) Importer(815301076,1909f56bfc062723c751e8b465ee728b)  -> (artifact id: 'a7df6dd8e64cb83465ceffa4342df8c9') in 0.011909 seconds 
  Import took 0.016234 seconds .

========================================================================
Received Import Request.
  Time since last request: 0.016932 seconds.
  path: Assets/TextMesh Pro/Resources/Shaders/TMP_SDF.shader
  artifactKey: Guid(68e6db2ebdc24f95958faec2be5558d6) Importer(815301076,1909f56bfc062723c751e8b465ee728b)
Start importing Assets/TextMesh Pro/Resources/Shaders/TMP_SDF.shader using Guid(68e6db2ebdc24f95958faec2be5558d6) Importer(815301076,1909f56bfc062723c751e8b465ee728b)  -> (artifact id: 'c4b8af35b5333cf76d66f922b2f60a4d') in 0.027180 seconds 
  Import took 0.031360 seconds .

========================================================================
Received Import Request.
  Time since last request: 0.016295 seconds.
  path: Assets/Imported/Thaleah_PixelFont/ThaleahFat.fontsettings
  artifactKey: Guid(652f7165b7c30ab46af6c4aad90a639b) Importer(815301076,1909f56bfc062723c751e8b465ee728b)
Start importing Assets/Imported/Thaleah_PixelFont/ThaleahFat.fontsettings using Guid(652f7165b7c30ab46af6c4aad90a639b) Importer(815301076,1909f56bfc062723c751e8b465ee728b)  -> (artifact id: 'f6f80a1d24556b81a71ccacf204d4070') in 0.027234 seconds 
  Import took 0.031083 seconds .

========================================================================
Received Import Request.
  Time since last request: 0.034257 seconds.
  path: Assets/TextMesh Pro/Resources/Shaders/TMPro_Properties.cginc
  artifactKey: Guid(3997e2241185407d80309a82f9148466) Importer(815301076,1909f56bfc062723c751e8b465ee728b)
Start importing Assets/TextMesh Pro/Resources/Shaders/TMPro_Properties.cginc using Guid(3997e2241185407d80309a82f9148466) Importer(815301076,1909f56bfc062723c751e8b465ee728b)  -> (artifact id: 'acf99b1bcd5a7672c578405517818d98') in 0.027074 seconds 
  Import took 0.032091 seconds .

========================================================================
Received Import Request.
  Time since last request: 0.034232 seconds.
  path: Assets/UI/Menu/OkiBG2.png
  artifactKey: Guid(3af583d7fcd460b4fbc132d0d42be71a) Importer(815301076,1909f56bfc062723c751e8b465ee728b)
Start importing Assets/UI/Menu/OkiBG2.png using Guid(3af583d7fcd460b4fbc132d0d42be71a) Importer(815301076,1909f56bfc062723c751e8b465ee728b)  -> (artifact id: 'b3d5d4cc64f6082aafbae09f7099a6c6') in 0.093096 seconds 
  Import took 0.096300 seconds .

========================================================================
Received Import Request.
  Time since last request: 0.009869 seconds.
  path: Assets/Imported/Thaleah_PixelFont/Materials/ThaleahFat.mat
  artifactKey: Guid(43d59b5c638b0664db55f3a4e4d130ef) Importer(815301076,1909f56bfc062723c751e8b465ee728b)
Start importing Assets/Imported/Thaleah_PixelFont/Materials/ThaleahFat.mat using Guid(43d59b5c638b0664db55f3a4e4d130ef) Importer(815301076,1909f56bfc062723c751e8b465ee728b)  -> (artifact id: '1045e01dd06d2f9839c20ea938e3eb8d') in 0.019540 seconds 
  Import took 0.022969 seconds .

========================================================================
Received Import Request.
  Time since last request: 0.071603 seconds.
  path: Assets/TextMesh Pro/Resources/Fonts & Materials/LiberationSans SDF.asset
  artifactKey: Guid(8f586378b4e144a9851e7b34d9b748ee) Importer(815301076,1909f56bfc062723c751e8b465ee728b)
Start importing Assets/TextMesh Pro/Resources/Fonts & Materials/LiberationSans SDF.asset using Guid(8f586378b4e144a9851e7b34d9b748ee) Importer(815301076,1909f56bfc062723c751e8b465ee728b)  -> (artifact id: '1015f09b8c4068adca092501e17aaece') in 0.101418 seconds 
  Import took 0.105344 seconds .

========================================================================
Received Import Request.
  Time since last request: 0.007915 seconds.
  path: Assets/Imported/Thaleah_PixelFont/Materials/ThaleahFat.png
  artifactKey: Guid(0ac691dd25a276d468ee89cf1948229d) Importer(815301076,1909f56bfc062723c751e8b465ee728b)
Start importing Assets/Imported/Thaleah_PixelFont/Materials/ThaleahFat.png using Guid(0ac691dd25a276d468ee89cf1948229d) Importer(815301076,1909f56bfc062723c751e8b465ee728b)  -> (artifact id: '5341c58de122a073a6fb2fd4c4319f16') in 0.013424 seconds 
  Import took 0.016659 seconds .

========================================================================
Received Import Request.
  Time since last request: 0.009936 seconds.
  path: Assets/TextMesh Pro/Resources/Shaders/TMP_SDF-Mobile.shader
  artifactKey: Guid(fe393ace9b354375a9cb14cdbbc28be4) Importer(815301076,1909f56bfc062723c751e8b465ee728b)
Start importing Assets/TextMesh Pro/Resources/Shaders/TMP_SDF-Mobile.shader using Guid(fe393ace9b354375a9cb14cdbbc28be4) Importer(815301076,1909f56bfc062723c751e8b465ee728b)  -> (artifact id: '96ef2bdc328cbd7dca798a785d1feeeb') in 0.007563 seconds 
  Import took 0.010677 seconds .

========================================================================
Received Import Request.
  Time since last request: 0.010246 seconds.
  path: Assets/Imported/Thaleah_PixelFont/ThaleahFat SDF.asset
  artifactKey: Guid(8e8c1140abca6c5478986978b53a497e) Importer(815301076,1909f56bfc062723c751e8b465ee728b)
Start importing Assets/Imported/Thaleah_PixelFont/ThaleahFat SDF.asset using Guid(8e8c1140abca6c5478986978b53a497e) Importer(815301076,1909f56bfc062723c751e8b465ee728b)  -> (artifact id: '771a2001ec9d86fbbc93cc1de4065801') in 0.020009 seconds 
  Import took 0.023158 seconds .

========================================================================
Received Import Request.
  Time since last request: 0.010021 seconds.
  path: Assets/Hexes/ScoreManager.cs
  artifactKey: Guid(373de696f924f4e4d9483e0a883f0c91) Importer(815301076,1909f56bfc062723c751e8b465ee728b)
Start importing Assets/Hexes/ScoreManager.cs using Guid(373de696f924f4e4d9483e0a883f0c91) Importer(815301076,1909f56bfc062723c751e8b465ee728b)  -> (artifact id: '1e19f15176b970eb2fc39df95f023c1d') in 0.006829 seconds 
  Import took 0.009988 seconds .

AssetImportWorkerClient::OnTransportError - code=2 error=End of file
